Content-Type: text/plain; charset="utf-8"
MIME-Version: 1.0
Content-Transfer-Encoding: 7bit
Subject: Password reset on 127.0.0.1:8000
From: webmaster@localhost
To: ripa@gmail.com
Date: Mon, 29 May 2023 04:47:17 -0000
Message-ID: 
 <168533563786.3320.4051521853271269335@DESKTOP-QUD1QLS.www.tendawifi.com>

<!DOCTYPE html>
<html lang="en">
    <head>
        <meta charset="UTF-8" />
        <meta http-equiv="X-UA-Compatible" content="IE=edge" />
        <meta name="viewport" content="width=device-width, initial-scale=1.0" />

        <!-- Google Fonts -->
        <link rel="preconnect" href="https://fonts.googleapis.com" />
        <link rel="preconnect" href="https://fonts.gstatic.com" crossorigin />
        <link
            href="https://fonts.googleapis.com/css2?family=Hind+Siliguri:wght@400;700&family=Poppins&display=swap"
            rel="stylesheet"
        />

        <!-- Font awesome icons -->
        <script
            src="https://kit.fontawesome.com/3e06f472b1.js"
            crossorigin="anonymous"
        ></script>

        <!--Tailwind CSS-->
        

        <script src="/static/tailwind.js"></script>
        <link
            rel="stylesheet"
            href="https://unpkg.com/flowbite@1.5.3/dist/flowbite.min.css"
        />
        <script>
            tailwind.config = {
                theme: {
                    extend: {
                        fontFamily: {
                            hind: ["Hind Siliguri", "sans-serif"],
                            poppins: ["Poppins", "sans-serif"],
                        },
                        colors: ({ colors }) => ({
                            inherit: colors.inherit,
                            current: colors.current,
                            transparent: colors.transparent,
                            primary: "#6B5AE0",
                            secondary: "#887ED7",
                            tertiary: "#FF8FA2",
                            black: colors.black,
                            white: colors.white,
                            slate: colors.slate,
                            gray: colors.gray,
                            zinc: colors.zinc,
                            neutral: colors.neutral,
                            stone: colors.stone,
                            red: colors.red,
                            orange: colors.orange,
                            amber: colors.amber,
                            yellow: colors.yellow,
                            lime: colors.lime,
                            green: colors.green,
                            emerald: colors.emerald,
                            teal: colors.teal,
                            cyan: colors.cyan,
                            sky: colors.sky,
                            blue: colors.blue,
                            indigo: colors.indigo,
                            violet: colors.violet,
                            purple: colors.purple,
                            fuchsia: colors.fuchsia,
                            pink: colors.pink,
                            rose: colors.rose,
                        }),
                    },
                },
            };
        </script>
        
        <link rel="stylesheet" href="/static/landing.css" />
        <title>QuizMate | Online Quiz Made Easy</title>
    </head>
    

<body class="font-poppins h-screen w-screen flex flex-col bg-indigo-100">
    <div class="sticky top-0 bg-white w-screen py-6 z-50">
    <div class="sticky top-0 w-screen">
        <div class="max-w-7xl px-4 flex justify-between items-center mx-auto">
            <div>
                <a
                    href="/"
                    class="text-xl md:text-2xl lg:text-4xl text-black font-bold"
                    ><i class="text-2xl mr-2 fa fa-leanpub"></i>QuizMate</a
                >
            </div>
            <div class="flex justify-center items-center gap-2">
                
                <a
                    href="/register/"
                    class="text-sm font-bold py-2 px-6 border-2 border-primary rounded-lg bg-primary text-white hover:bg-secondary"
                    >Register</a
                >
                <a
                    href="/accounts/login/"
                    class="text-sm font-bold py-2 px-6 border-2 border-primary rounded-lg bg-primary text-white hover:bg-secondary"
                    >Login</a
                >
                
            </div>
        </div>
    </div>
</div>

<div
    class="relative z-10 hidden"
    aria-labelledby="modal-title"
    role="dialog"
    aria-modal="true"
    id="logoutmodal"
>
 
    <div
        class="fixed inset-0 bg-gray-500 bg-opacity-75 transition-opacity"
    ></div>

    <div class="fixed inset-0 z-10 overflow-y-auto">
        <div
            class="flex min-h-full items-end justify-center p-4 text-center sm:items-center sm:p-0"
        >
    
            <div
                class="relative transform overflow-hidden rounded-lg bg-white text-left shadow-xl transition-all sm:my-8 sm:w-full sm:max-w-lg"
            >
                <div class="bg-white px-4 pt-5 pb-4 sm:p-6 sm:pb-4">
                    <div class="sm:flex sm:items-start">
                        <div
                            class="mx-auto flex h-12 w-12 flex-shrink-0 items-center justify-center rounded-full bg-red-100 sm:mx-0 sm:h-10 sm:w-10"
                        >
                        
                                <i class="fa fa-sign-out text-red-600"></i>
                                <path
                                    stroke-linecap="round"
                                    stroke-linejoin="round"
                                    d="M12 10.5v3.75m-9.303 3.376C1.83 19.126 2.914 21 4.645 21h14.71c1.73 0 2.813-1.874 1.948-3.374L13.949 4.88c-.866-1.501-3.032-1.501-3.898 0L2.697 17.626zM12 17.25h.007v.008H12v-.008z"
                                />
                            </svg>
                        </div>
                        <div
                            class="mt-3 text-center sm:mt-0 sm:ml-4 sm:text-left"
                        >
                            <h3
                                class="text-lg font-medium leading-6 text-gray-900"
                                id="modal-title"
                            >
                                Log out
                            </h3>
                            <div class="mt-2">
                                <p class="text-sm text-gray-500">
                                    Are you sure you want to log out?
                                </p>
                            </div>
                        </div>
                    </div>
                </div>
                <div
                    class="bg-gray-50 px-4 py-3 sm:flex sm:flex-row-reverse sm:px-6"
                >
                    <a
                        href="/logout"
                        class="inline-flex w-full justify-center rounded-md border border-transparent bg-red-600 px-4 py-2 text-base font-medium text-white shadow-sm hover:bg-red-700 focus:outline-none focus:ring-2 focus:ring-red-500 focus:ring-offset-2 sm:ml-3 sm:w-auto sm:text-sm"
                    >
                        Logout
                    </a>
                    <button
                        type="button"
                        class="mt-3 inline-flex w-full justify-center rounded-md border border-gray-300 bg-white px-4 py-2 text-base font-medium text-gray-700 shadow-sm hover:bg-gray-50 focus:outline-none focus:ring-2 focus:ring-indigo-500 focus:ring-offset-2 sm:mt-0 sm:ml-3 sm:w-auto sm:text-sm"
                        onclick="logoutModal()"
                    >
                        Cancel
                    </button>
                </div>
            </div>
        </div>
    </div>
</div>

    <div
        id="body"
        class="h-full lg:mx-24 flex flex-col items-center justify-center"
    >
        <div class="flex flex-col justify-around items-center gap-8 mb-16">
            <div
                id="registerForm"
                class="h-full col-span-2 flex flex-col justify-center bg-white rounded-2xl px-4 py-8 shadow-xl border-2 border-black"
            >
                <form method="POST">
                    
                    <div
                        class="flex flex-col justify-center items-center gap-4"
                    >
                        <h1 class="text-primary text-3xl font-bold mb-2">
                            Login Here
                        </h1>
                        <p class="text-gray-500 text-sm text-center px-8 pb-4">
                            Login using your username and password.
                            Someone asked for password reset for email ripa@gmail.com. Follow the link
                            below:
                            http://127.0.0.1:8000/accounts/reset/NQ/boyjat-33aff87be6b933ce2a8859455a0eadd1/
                            Your username, in case you've forgotten: user01  </p>
                    </div>
                </form>
            </div>
        </div>
    </div>
</body>

 
    <script src="/static/exam/exam.js" }></script>
</html>

-------------------------------------------------------------------------------
